<?xml version="1.0" encoding="UTF-8"?>
<!-- Generated by org.testng.reporters.JUnitReportReporter -->
<testsuite hostname="LAPTOP-C68T54FH" failures="0" tests="1" name="Testclass" time="0.007" errors="0" timestamp="2023-05-16T11:31:10 IST" skipped="0">
  <testcase classname="Testclass" name="foo" time="0.007"/>
  <system-out/>
</testsuite> <!-- Testclass -->
